{"/Users/promise/Desktop/SPRINGBOARD/EXPRESS/express-biztime/app.js": {"path":"/Users/promise/Desktop/SPRINGBOARD/EXPRESS/express-biztime/app.js","statementMap":{"0":{"start":{"line":3,"column":16},"end":{"line":3,"column":34}},"1":{"start":{"line":4,"column":12},"end":{"line":4,"column":21}},"2":{"start":{"line":5,"column":21},"end":{"line":5,"column":46}},"3":{"start":{"line":6,"column":23},"end":{"line":6,"column":52}},"4":{"start":{"line":7,"column":22},"end":{"line":7,"column":50}},"5":{"start":{"line":8,"column":24},"end":{"line":8,"column":54}},"6":{"start":{"line":10,"column":0},"end":{"line":10,"column":24}},"7":{"start":{"line":11,"column":0},"end":{"line":11,"column":38}},"8":{"start":{"line":12,"column":0},"end":{"line":12,"column":36}},"9":{"start":{"line":13,"column":0},"end":{"line":13,"column":40}},"10":{"start":{"line":16,"column":0},"end":{"line":19,"column":3}},"11":{"start":{"line":17,"column":13},"end":{"line":17,"column":47}},"12":{"start":{"line":18,"column":1},"end":{"line":18,"column":18}},"13":{"start":{"line":22,"column":0},"end":{"line":30,"column":3}},"14":{"start":{"line":23,"column":14},"end":{"line":23,"column":33}},"15":{"start":{"line":24,"column":15},"end":{"line":24,"column":28}},"16":{"start":{"line":26,"column":1},"end":{"line":29,"column":4}},"17":{"start":{"line":32,"column":0},"end":{"line":32,"column":21}}},"fnMap":{"0":{"name":"(anonymous_0)","decl":{"start":{"line":16,"column":8},"end":{"line":16,"column":9}},"loc":{"start":{"line":16,"column":34},"end":{"line":19,"column":1}},"line":16},"1":{"name":"(anonymous_1)","decl":{"start":{"line":22,"column":8},"end":{"line":22,"column":9}},"loc":{"start":{"line":22,"column":35},"end":{"line":30,"column":1}},"line":22}},"branchMap":{"0":{"loc":{"start":{"line":23,"column":14},"end":{"line":23,"column":33}},"type":"binary-expr","locations":[{"start":{"line":23,"column":14},"end":{"line":23,"column":26}},{"start":{"line":23,"column":30},"end":{"line":23,"column":33}}],"line":23}},"s":{"0":2,"1":2,"2":2,"3":2,"4":2,"5":2,"6":2,"7":2,"8":2,"9":2,"10":2,"11":0,"12":0,"13":2,"14":6,"15":6,"16":6,"17":2},"f":{"0":0,"1":6},"b":{"0":[6,0]},"_coverageSchema":"1a1c01bbd47fc00a2c39e90264f33305004495a9","hash":"867b5d0088856bcb0c4d6bf978fa8084e0ee3d09"}
,"/Users/promise/Desktop/SPRINGBOARD/EXPRESS/express-biztime/db.js": {"path":"/Users/promise/Desktop/SPRINGBOARD/EXPRESS/express-biztime/db.js","statementMap":{"0":{"start":{"line":3,"column":19},"end":{"line":3,"column":32}},"1":{"start":{"line":6,"column":1},"end":{"line":8,"column":27}},"2":{"start":{"line":10,"column":9},"end":{"line":12,"column":2}},"3":{"start":{"line":14,"column":0},"end":{"line":14,"column":13}},"4":{"start":{"line":16,"column":0},"end":{"line":16,"column":20}}},"fnMap":{},"branchMap":{"0":{"loc":{"start":{"line":6,"column":1},"end":{"line":8,"column":27}},"type":"cond-expr","locations":[{"start":{"line":7,"column":4},"end":{"line":7,"column":32}},{"start":{"line":8,"column":4},"end":{"line":8,"column":27}}],"line":6}},"s":{"0":2,"1":2,"2":2,"3":2,"4":2},"f":{},"b":{"0":[2,0]},"_coverageSchema":"1a1c01bbd47fc00a2c39e90264f33305004495a9","hash":"4933fd4b75366ea2e8e6930423af347814d2b5d7"}
,"/Users/promise/Desktop/SPRINGBOARD/EXPRESS/express-biztime/expressError.js": {"path":"/Users/promise/Desktop/SPRINGBOARD/EXPRESS/express-biztime/expressError.js","statementMap":{"0":{"start":{"line":9,"column":4},"end":{"line":9,"column":12}},"1":{"start":{"line":10,"column":4},"end":{"line":10,"column":27}},"2":{"start":{"line":11,"column":4},"end":{"line":11,"column":25}},"3":{"start":{"line":12,"column":4},"end":{"line":12,"column":30}},"4":{"start":{"line":17,"column":0},"end":{"line":17,"column":30}}},"fnMap":{"0":{"name":"(anonymous_0)","decl":{"start":{"line":8,"column":2},"end":{"line":8,"column":3}},"loc":{"start":{"line":8,"column":31},"end":{"line":13,"column":3}},"line":8}},"branchMap":{},"s":{"0":6,"1":6,"2":6,"3":6,"4":2},"f":{"0":6},"b":{},"_coverageSchema":"1a1c01bbd47fc00a2c39e90264f33305004495a9","hash":"b1d5f6638f154e2563ae549ec3b202a91a5ed318"}
,"/Users/promise/Desktop/SPRINGBOARD/EXPRESS/express-biztime/routes/companies.js": {"path":"/Users/promise/Desktop/SPRINGBOARD/EXPRESS/express-biztime/routes/companies.js","statementMap":{"0":{"start":{"line":1,"column":16},"end":{"line":1,"column":34}},"1":{"start":{"line":2,"column":15},"end":{"line":2,"column":31}},"2":{"start":{"line":3,"column":11},"end":{"line":3,"column":27}},"3":{"start":{"line":4,"column":21},"end":{"line":4,"column":47}},"4":{"start":{"line":5,"column":16},"end":{"line":5,"column":34}},"5":{"start":{"line":7,"column":0},"end":{"line":16,"column":3}},"6":{"start":{"line":8,"column":1},"end":{"line":15,"column":2}},"7":{"start":{"line":9,"column":17},"end":{"line":9,"column":67}},"8":{"start":{"line":10,"column":2},"end":{"line":12,"column":5}},"9":{"start":{"line":14,"column":2},"end":{"line":14,"column":21}},"10":{"start":{"line":18,"column":0},"end":{"line":58,"column":3}},"11":{"start":{"line":19,"column":1},"end":{"line":57,"column":2}},"12":{"start":{"line":20,"column":19},"end":{"line":20,"column":29}},"13":{"start":{"line":21,"column":17},"end":{"line":24,"column":3}},"14":{"start":{"line":25,"column":18},"end":{"line":28,"column":3}},"15":{"start":{"line":30,"column":27},"end":{"line":37,"column":3}},"16":{"start":{"line":40,"column":3},"end":{"line":42,"column":50}},"17":{"start":{"line":42,"column":39},"end":{"line":42,"column":49}},"18":{"start":{"line":44,"column":2},"end":{"line":45,"column":54}},"19":{"start":{"line":45,"column":3},"end":{"line":45,"column":54}},"20":{"start":{"line":47,"column":22},"end":{"line":47,"column":51}},"21":{"start":{"line":47,"column":46},"end":{"line":47,"column":50}},"22":{"start":{"line":49,"column":2},"end":{"line":49,"column":42}},"23":{"start":{"line":50,"column":2},"end":{"line":50,"column":46}},"24":{"start":{"line":52,"column":2},"end":{"line":54,"column":5}},"25":{"start":{"line":56,"column":2},"end":{"line":56,"column":21}},"26":{"start":{"line":60,"column":0},"end":{"line":77,"column":3}},"27":{"start":{"line":61,"column":1},"end":{"line":76,"column":2}},"28":{"start":{"line":62,"column":32},"end":{"line":62,"column":40}},"29":{"start":{"line":63,"column":15},"end":{"line":66,"column":4}},"30":{"start":{"line":67,"column":17},"end":{"line":70,"column":3}},"31":{"start":{"line":71,"column":2},"end":{"line":73,"column":5}},"32":{"start":{"line":75,"column":2},"end":{"line":75,"column":21}},"33":{"start":{"line":79,"column":0},"end":{"line":95,"column":3}},"34":{"start":{"line":80,"column":1},"end":{"line":94,"column":2}},"35":{"start":{"line":81,"column":19},"end":{"line":81,"column":29}},"36":{"start":{"line":82,"column":32},"end":{"line":82,"column":40}},"37":{"start":{"line":83,"column":17},"end":{"line":86,"column":3}},"38":{"start":{"line":87,"column":2},"end":{"line":88,"column":54}},"39":{"start":{"line":88,"column":3},"end":{"line":88,"column":54}},"40":{"start":{"line":89,"column":2},"end":{"line":91,"column":5}},"41":{"start":{"line":93,"column":2},"end":{"line":93,"column":21}},"42":{"start":{"line":97,"column":0},"end":{"line":112,"column":3}},"43":{"start":{"line":98,"column":1},"end":{"line":111,"column":2}},"44":{"start":{"line":99,"column":19},"end":{"line":99,"column":29}},"45":{"start":{"line":100,"column":17},"end":{"line":103,"column":3}},"46":{"start":{"line":104,"column":2},"end":{"line":105,"column":54}},"47":{"start":{"line":105,"column":3},"end":{"line":105,"column":54}},"48":{"start":{"line":106,"column":2},"end":{"line":108,"column":5}},"49":{"start":{"line":110,"column":2},"end":{"line":110,"column":21}},"50":{"start":{"line":114,"column":0},"end":{"line":114,"column":24}}},"fnMap":{"0":{"name":"(anonymous_0)","decl":{"start":{"line":7,"column":16},"end":{"line":7,"column":17}},"loc":{"start":{"line":7,"column":42},"end":{"line":16,"column":1}},"line":7},"1":{"name":"(anonymous_1)","decl":{"start":{"line":18,"column":21},"end":{"line":18,"column":22}},"loc":{"start":{"line":18,"column":47},"end":{"line":58,"column":1}},"line":18},"2":{"name":"(anonymous_2)","decl":{"start":{"line":42,"column":32},"end":{"line":42,"column":33}},"loc":{"start":{"line":42,"column":39},"end":{"line":42,"column":49}},"line":42},"3":{"name":"(anonymous_3)","decl":{"start":{"line":47,"column":39},"end":{"line":47,"column":40}},"loc":{"start":{"line":47,"column":46},"end":{"line":47,"column":50}},"line":47},"4":{"name":"(anonymous_4)","decl":{"start":{"line":60,"column":17},"end":{"line":60,"column":18}},"loc":{"start":{"line":60,"column":43},"end":{"line":77,"column":1}},"line":60},"5":{"name":"(anonymous_5)","decl":{"start":{"line":79,"column":21},"end":{"line":79,"column":22}},"loc":{"start":{"line":79,"column":47},"end":{"line":95,"column":1}},"line":79},"6":{"name":"(anonymous_6)","decl":{"start":{"line":97,"column":24},"end":{"line":97,"column":25}},"loc":{"start":{"line":97,"column":50},"end":{"line":112,"column":1}},"line":97}},"branchMap":{"0":{"loc":{"start":{"line":40,"column":3},"end":{"line":42,"column":50}},"type":"cond-expr","locations":[{"start":{"line":41,"column":6},"end":{"line":41,"column":10}},{"start":{"line":42,"column":6},"end":{"line":42,"column":50}}],"line":40},"1":{"loc":{"start":{"line":44,"column":2},"end":{"line":45,"column":54}},"type":"if","locations":[{"start":{"line":44,"column":2},"end":{"line":45,"column":54}},{"start":{},"end":{}}],"line":44},"2":{"loc":{"start":{"line":87,"column":2},"end":{"line":88,"column":54}},"type":"if","locations":[{"start":{"line":87,"column":2},"end":{"line":88,"column":54}},{"start":{},"end":{}}],"line":87},"3":{"loc":{"start":{"line":104,"column":2},"end":{"line":105,"column":54}},"type":"if","locations":[{"start":{"line":104,"column":2},"end":{"line":105,"column":54}},{"start":{},"end":{}}],"line":104}},"s":{"0":2,"1":2,"2":2,"3":2,"4":2,"5":2,"6":0,"7":0,"8":0,"9":0,"10":2,"11":0,"12":0,"13":0,"14":0,"15":0,"16":0,"17":0,"18":0,"19":0,"20":0,"21":0,"22":0,"23":0,"24":0,"25":0,"26":2,"27":1,"28":1,"29":1,"30":1,"31":1,"32":0,"33":2,"34":1,"35":1,"36":1,"37":1,"38":1,"39":0,"40":1,"41":0,"42":2,"43":1,"44":1,"45":1,"46":1,"47":1,"48":0,"49":1,"50":2},"f":{"0":0,"1":0,"2":0,"3":0,"4":1,"5":1,"6":1},"b":{"0":[0,0],"1":[0,0],"2":[0,1],"3":[1,0]},"_coverageSchema":"1a1c01bbd47fc00a2c39e90264f33305004495a9","hash":"b06d4e31f107dd31ea05dc6b7248d1dd2e6b2758"}
,"/Users/promise/Desktop/SPRINGBOARD/EXPRESS/express-biztime/routes/industries.js": {"path":"/Users/promise/Desktop/SPRINGBOARD/EXPRESS/express-biztime/routes/industries.js","statementMap":{"0":{"start":{"line":1,"column":16},"end":{"line":1,"column":34}},"1":{"start":{"line":2,"column":11},"end":{"line":2,"column":27}},"2":{"start":{"line":3,"column":15},"end":{"line":3,"column":35}},"3":{"start":{"line":6,"column":0},"end":{"line":21,"column":3}},"4":{"start":{"line":7,"column":1},"end":{"line":20,"column":2}},"5":{"start":{"line":8,"column":29},"end":{"line":8,"column":37}},"6":{"start":{"line":9,"column":17},"end":{"line":14,"column":3}},"7":{"start":{"line":15,"column":2},"end":{"line":17,"column":5}},"8":{"start":{"line":19,"column":2},"end":{"line":19,"column":21}},"9":{"start":{"line":23,"column":0},"end":{"line":32,"column":3}},"10":{"start":{"line":24,"column":1},"end":{"line":31,"column":2}},"11":{"start":{"line":25,"column":17},"end":{"line":25,"column":59}},"12":{"start":{"line":26,"column":2},"end":{"line":28,"column":5}},"13":{"start":{"line":30,"column":2},"end":{"line":30,"column":21}},"14":{"start":{"line":35,"column":0},"end":{"line":46,"column":3}},"15":{"start":{"line":36,"column":1},"end":{"line":45,"column":2}},"16":{"start":{"line":37,"column":39},"end":{"line":37,"column":47}},"17":{"start":{"line":38,"column":17},"end":{"line":41,"column":3}},"18":{"start":{"line":42,"column":2},"end":{"line":42,"column":57}},"19":{"start":{"line":44,"column":2},"end":{"line":44,"column":17}},"20":{"start":{"line":48,"column":0},"end":{"line":48,"column":24}}},"fnMap":{"0":{"name":"(anonymous_0)","decl":{"start":{"line":6,"column":17},"end":{"line":6,"column":18}},"loc":{"start":{"line":6,"column":43},"end":{"line":21,"column":1}},"line":6},"1":{"name":"(anonymous_1)","decl":{"start":{"line":23,"column":16},"end":{"line":23,"column":17}},"loc":{"start":{"line":23,"column":42},"end":{"line":32,"column":1}},"line":23},"2":{"name":"(anonymous_2)","decl":{"start":{"line":35,"column":28},"end":{"line":35,"column":29}},"loc":{"start":{"line":35,"column":54},"end":{"line":46,"column":1}},"line":35}},"branchMap":{},"s":{"0":2,"1":2,"2":2,"3":2,"4":0,"5":0,"6":0,"7":0,"8":0,"9":2,"10":0,"11":0,"12":0,"13":0,"14":2,"15":0,"16":0,"17":0,"18":0,"19":0,"20":2},"f":{"0":0,"1":0,"2":0},"b":{},"_coverageSchema":"1a1c01bbd47fc00a2c39e90264f33305004495a9","hash":"41e35b0ac98f8c8b481f9dcaeacf52f0dc86eab2"}
,"/Users/promise/Desktop/SPRINGBOARD/EXPRESS/express-biztime/routes/invoices.js": {"path":"/Users/promise/Desktop/SPRINGBOARD/EXPRESS/express-biztime/routes/invoices.js","statementMap":{"0":{"start":{"line":1,"column":16},"end":{"line":1,"column":34}},"1":{"start":{"line":2,"column":15},"end":{"line":2,"column":31}},"2":{"start":{"line":3,"column":11},"end":{"line":3,"column":27}},"3":{"start":{"line":4,"column":21},"end":{"line":4,"column":47}},"4":{"start":{"line":6,"column":0},"end":{"line":15,"column":3}},"5":{"start":{"line":7,"column":1},"end":{"line":14,"column":2}},"6":{"start":{"line":8,"column":17},"end":{"line":8,"column":69}},"7":{"start":{"line":9,"column":2},"end":{"line":11,"column":5}},"8":{"start":{"line":13,"column":2},"end":{"line":13,"column":21}},"9":{"start":{"line":17,"column":0},"end":{"line":45,"column":3}},"10":{"start":{"line":18,"column":1},"end":{"line":44,"column":2}},"11":{"start":{"line":19,"column":17},"end":{"line":25,"column":3}},"12":{"start":{"line":26,"column":2},"end":{"line":27,"column":54}},"13":{"start":{"line":27,"column":3},"end":{"line":27,"column":54}},"14":{"start":{"line":28,"column":15},"end":{"line":28,"column":29}},"15":{"start":{"line":29,"column":18},"end":{"line":40,"column":3}},"16":{"start":{"line":41,"column":2},"end":{"line":41,"column":43}},"17":{"start":{"line":43,"column":2},"end":{"line":43,"column":21}},"18":{"start":{"line":47,"column":0},"end":{"line":60,"column":3}},"19":{"start":{"line":48,"column":1},"end":{"line":59,"column":2}},"20":{"start":{"line":49,"column":29},"end":{"line":49,"column":37}},"21":{"start":{"line":50,"column":17},"end":{"line":53,"column":3}},"22":{"start":{"line":54,"column":2},"end":{"line":56,"column":5}},"23":{"start":{"line":58,"column":2},"end":{"line":58,"column":21}},"24":{"start":{"line":62,"column":0},"end":{"line":96,"column":3}},"25":{"start":{"line":63,"column":1},"end":{"line":95,"column":2}},"26":{"start":{"line":64,"column":17},"end":{"line":64,"column":27}},"27":{"start":{"line":65,"column":24},"end":{"line":65,"column":32}},"28":{"start":{"line":66,"column":17},"end":{"line":66,"column":21}},"29":{"start":{"line":68,"column":21},"end":{"line":71,"column":3}},"30":{"start":{"line":73,"column":2},"end":{"line":74,"column":54}},"31":{"start":{"line":74,"column":3},"end":{"line":74,"column":54}},"32":{"start":{"line":76,"column":23},"end":{"line":76,"column":51}},"33":{"start":{"line":78,"column":2},"end":{"line":84,"column":3}},"34":{"start":{"line":79,"column":3},"end":{"line":79,"column":25}},"35":{"start":{"line":80,"column":9},"end":{"line":84,"column":3}},"36":{"start":{"line":81,"column":3},"end":{"line":81,"column":19}},"37":{"start":{"line":83,"column":3},"end":{"line":83,"column":27}},"38":{"start":{"line":86,"column":17},"end":{"line":89,"column":3}},"39":{"start":{"line":90,"column":2},"end":{"line":92,"column":5}},"40":{"start":{"line":94,"column":2},"end":{"line":94,"column":21}},"41":{"start":{"line":98,"column":0},"end":{"line":111,"column":3}},"42":{"start":{"line":99,"column":1},"end":{"line":110,"column":2}},"43":{"start":{"line":100,"column":17},"end":{"line":100,"column":27}},"44":{"start":{"line":101,"column":17},"end":{"line":104,"column":3}},"45":{"start":{"line":105,"column":2},"end":{"line":106,"column":54}},"46":{"start":{"line":106,"column":3},"end":{"line":106,"column":54}},"47":{"start":{"line":107,"column":2},"end":{"line":107,"column":53}},"48":{"start":{"line":109,"column":2},"end":{"line":109,"column":21}},"49":{"start":{"line":113,"column":0},"end":{"line":113,"column":24}}},"fnMap":{"0":{"name":"(anonymous_0)","decl":{"start":{"line":6,"column":16},"end":{"line":6,"column":17}},"loc":{"start":{"line":6,"column":42},"end":{"line":15,"column":1}},"line":6},"1":{"name":"(anonymous_1)","decl":{"start":{"line":17,"column":19},"end":{"line":17,"column":20}},"loc":{"start":{"line":17,"column":45},"end":{"line":45,"column":1}},"line":17},"2":{"name":"(anonymous_2)","decl":{"start":{"line":47,"column":17},"end":{"line":47,"column":18}},"loc":{"start":{"line":47,"column":43},"end":{"line":60,"column":1}},"line":47},"3":{"name":"(anonymous_3)","decl":{"start":{"line":62,"column":19},"end":{"line":62,"column":20}},"loc":{"start":{"line":62,"column":45},"end":{"line":96,"column":1}},"line":62},"4":{"name":"(anonymous_4)","decl":{"start":{"line":98,"column":22},"end":{"line":98,"column":23}},"loc":{"start":{"line":98,"column":48},"end":{"line":111,"column":1}},"line":98}},"branchMap":{"0":{"loc":{"start":{"line":26,"column":2},"end":{"line":27,"column":54}},"type":"if","locations":[{"start":{"line":26,"column":2},"end":{"line":27,"column":54}},{"start":{},"end":{}}],"line":26},"1":{"loc":{"start":{"line":73,"column":2},"end":{"line":74,"column":54}},"type":"if","locations":[{"start":{"line":73,"column":2},"end":{"line":74,"column":54}},{"start":{},"end":{}}],"line":73},"2":{"loc":{"start":{"line":78,"column":2},"end":{"line":84,"column":3}},"type":"if","locations":[{"start":{"line":78,"column":2},"end":{"line":84,"column":3}},{"start":{"line":80,"column":9},"end":{"line":84,"column":3}}],"line":78},"3":{"loc":{"start":{"line":78,"column":6},"end":{"line":78,"column":27}},"type":"binary-expr","locations":[{"start":{"line":78,"column":6},"end":{"line":78,"column":19}},{"start":{"line":78,"column":23},"end":{"line":78,"column":27}}],"line":78},"4":{"loc":{"start":{"line":80,"column":9},"end":{"line":84,"column":3}},"type":"if","locations":[{"start":{"line":80,"column":9},"end":{"line":84,"column":3}},{"start":{"line":82,"column":9},"end":{"line":84,"column":3}}],"line":80},"5":{"loc":{"start":{"line":105,"column":2},"end":{"line":106,"column":54}},"type":"if","locations":[{"start":{"line":105,"column":2},"end":{"line":106,"column":54}},{"start":{},"end":{}}],"line":105}},"s":{"0":2,"1":2,"2":2,"3":2,"4":2,"5":0,"6":0,"7":0,"8":0,"9":2,"10":1,"11":1,"12":1,"13":1,"14":0,"15":0,"16":0,"17":1,"18":2,"19":1,"20":1,"21":1,"22":1,"23":0,"24":2,"25":2,"26":2,"27":2,"28":2,"29":2,"30":2,"31":2,"32":0,"33":0,"34":0,"35":0,"36":0,"37":0,"38":0,"39":0,"40":2,"41":2,"42":2,"43":2,"44":2,"45":2,"46":2,"47":0,"48":2,"49":2},"f":{"0":0,"1":1,"2":1,"3":2,"4":2},"b":{"0":[1,0],"1":[2,0],"2":[0,0],"3":[0,0],"4":[0,0],"5":[2,0]},"_coverageSchema":"1a1c01bbd47fc00a2c39e90264f33305004495a9","hash":"a805542dc0f618eb19fd06c9dcb55f086b62b997"}
}
