TN:
SF:app.js
FN:16,(anonymous_0)
FN:22,(anonymous_1)
FNF:2
FNH:1
FNDA:0,(anonymous_0)
FNDA:6,(anonymous_1)
DA:3,2
DA:4,2
DA:5,2
DA:6,2
DA:7,2
DA:8,2
DA:10,2
DA:11,2
DA:12,2
DA:13,2
DA:16,2
DA:17,0
DA:18,0
DA:22,2
DA:23,6
DA:24,6
DA:26,6
DA:32,2
LF:18
LH:16
BRDA:23,0,0,6
BRDA:23,0,1,0
BRF:2
BRH:1
end_of_record
TN:
SF:db.js
FNF:0
FNH:0
DA:3,2
DA:6,2
DA:10,2
DA:14,2
DA:16,2
LF:5
LH:5
BRDA:6,0,0,2
BRDA:6,0,1,0
BRF:2
BRH:1
end_of_record
TN:
SF:expressError.js
FN:8,(anonymous_0)
FNF:1
FNH:1
FNDA:6,(anonymous_0)
DA:9,6
DA:10,6
DA:11,6
DA:12,6
DA:17,2
LF:5
LH:5
BRF:0
BRH:0
end_of_record
TN:
SF:routes/companies.js
FN:7,(anonymous_0)
FN:18,(anonymous_1)
FN:42,(anonymous_2)
FN:47,(anonymous_3)
FN:60,(anonymous_4)
FN:79,(anonymous_5)
FN:97,(anonymous_6)
FNF:7
FNH:3
FNDA:0,(anonymous_0)
FNDA:0,(anonymous_1)
FNDA:0,(anonymous_2)
FNDA:0,(anonymous_3)
FNDA:1,(anonymous_4)
FNDA:1,(anonymous_5)
FNDA:1,(anonymous_6)
DA:1,2
DA:2,2
DA:3,2
DA:4,2
DA:5,2
DA:7,2
DA:8,0
DA:9,0
DA:10,0
DA:14,0
DA:18,2
DA:19,0
DA:20,0
DA:21,0
DA:25,0
DA:30,0
DA:40,0
DA:42,0
DA:44,0
DA:45,0
DA:47,0
DA:49,0
DA:50,0
DA:52,0
DA:56,0
DA:60,2
DA:61,1
DA:62,1
DA:63,1
DA:67,1
DA:71,1
DA:75,0
DA:79,2
DA:80,1
DA:81,1
DA:82,1
DA:83,1
DA:87,1
DA:88,0
DA:89,1
DA:93,0
DA:97,2
DA:98,1
DA:99,1
DA:100,1
DA:104,1
DA:105,1
DA:106,0
DA:110,1
DA:114,2
LF:50
LH:28
BRDA:40,0,0,0
BRDA:40,0,1,0
BRDA:44,1,0,0
BRDA:44,1,1,0
BRDA:87,2,0,0
BRDA:87,2,1,1
BRDA:104,3,0,1
BRDA:104,3,1,0
BRF:8
BRH:2
end_of_record
TN:
SF:routes/industries.js
FN:6,(anonymous_0)
FN:23,(anonymous_1)
FN:35,(anonymous_2)
FNF:3
FNH:0
FNDA:0,(anonymous_0)
FNDA:0,(anonymous_1)
FNDA:0,(anonymous_2)
DA:1,2
DA:2,2
DA:3,2
DA:6,2
DA:7,0
DA:8,0
DA:9,0
DA:15,0
DA:19,0
DA:23,2
DA:24,0
DA:25,0
DA:26,0
DA:30,0
DA:35,2
DA:36,0
DA:37,0
DA:38,0
DA:42,0
DA:44,0
DA:48,2
LF:21
LH:7
BRF:0
BRH:0
end_of_record
TN:
SF:routes/invoices.js
FN:6,(anonymous_0)
FN:17,(anonymous_1)
FN:47,(anonymous_2)
FN:62,(anonymous_3)
FN:98,(anonymous_4)
FNF:5
FNH:4
FNDA:0,(anonymous_0)
FNDA:1,(anonymous_1)
FNDA:1,(anonymous_2)
FNDA:2,(anonymous_3)
FNDA:2,(anonymous_4)
DA:1,2
DA:2,2
DA:3,2
DA:4,2
DA:6,2
DA:7,0
DA:8,0
DA:9,0
DA:13,0
DA:17,2
DA:18,1
DA:19,1
DA:26,1
DA:27,1
DA:28,0
DA:29,0
DA:41,0
DA:43,1
DA:47,2
DA:48,1
DA:49,1
DA:50,1
DA:54,1
DA:58,0
DA:62,2
DA:63,2
DA:64,2
DA:65,2
DA:66,2
DA:68,2
DA:73,2
DA:74,2
DA:76,0
DA:78,0
DA:79,0
DA:80,0
DA:81,0
DA:83,0
DA:86,0
DA:90,0
DA:94,2
DA:98,2
DA:99,2
DA:100,2
DA:101,2
DA:105,2
DA:106,2
DA:107,0
DA:109,2
DA:113,2
LF:50
LH:33
BRDA:26,0,0,1
BRDA:26,0,1,0
BRDA:73,1,0,2
BRDA:73,1,1,0
BRDA:78,2,0,0
BRDA:78,2,1,0
BRDA:78,3,0,0
BRDA:78,3,1,0
BRDA:80,4,0,0
BRDA:80,4,1,0
BRDA:105,5,0,2
BRDA:105,5,1,0
BRF:12
BRH:3
end_of_record
